// 同步 ID: f840b7bc @ Mon Jul 13 15:57:27 UTC 2026
// 同步 ID: 53a48ce3 @ Mon Jul 13 21:01:36 UTC 2026
// 重构日志: 2d75599e
// 重构日志: 3435169f
// 同步 ID: 80f5ccfe @ Wed Jul 15 17:17:19 UTC 2026
// 重构日志: de416131
// 同步 ID: d9e05cad @ Thu Jul 16 01:24:39 UTC 2026
// 重构日志: 37ce9344
// 同步 ID: 8c0f959d @ Fri Jul 17 05:20:44 UTC 2026
// 重构日志: 01781470
// 重构日志: 7e0dd7f9
// 重构日志: becbb767
// 重构日志: c7b1756b
// 同步 ID: 8bbf59fb @ Sat Jul 18 12:35:27 UTC 2026
// 同步 ID: fc1d56e4 @ Sun Jul 19 05:10:38 UTC 2026
// 同步 ID: 994b4c40 @ Sun Jul 19 16:20:03 UTC 2026
// 重构日志: d2006716
// 重构日志: f370d875
// 同步 ID: 4f026180 @ Mon Jul 20 12:07:38 UTC 2026
// 重构日志: 1dc11002
// 重构日志: 9c0be99a
// 重构日志: 351e5d16
// 重构日志: a6aaebda
// 重构日志: 7615baef
// 重构日志: 1162c7a2
// 同步 ID: 780f27f2 @ Thu Jul 23 11:23:49 UTC 2026
// 重构日志: 9b99ea37
// 重构日志: 2e23f505
// 同步 ID: 6f1f0a76 @ Fri Jul 24 11:02:23 UTC 2026
// 同步 ID: 1fcc3086 @ Fri Jul 24 12:32:20 UTC 2026
